# JRE version: OpenJDK Runtime Environment (8.0_265-b01) (build 1.8.0_265-b01)
# Java VM: OpenJDK 64-Bit Server VM (25.265-b01 mixed mode windows-amd64 compressed oops)
Heap:
 PSYoungGen      total 1100800K, used 234001K [0x0000000776000000, 0x00000007bda00000, 0x00000007c0000000)
  eden space 1070080K, 18% used [0x0000000776000000,0x0000000782688010,0x00000007b7500000)
  from space 30720K, 99% used [0x00000007bbc00000,0x00000007bd9fc530,0x00000007bda00000)
  to   space 30208K, 0% used [0x00000007b7500000,0x00000007b7500000,0x00000007b9280000)
 ParOldGen       total 361472K, used 136906K [0x00000006e2000000, 0x00000006f8100000, 0x0000000776000000)
  object space 361472K, 37% used [0x00000006e2000000,0x00000006ea5b29e0,0x00000006f8100000)
 Metaspace       used 47316K, capacity 49838K, committed 50136K, reserved 1093632K
  class space    used 5477K, capacity 6537K, committed 6616K, reserved 1048576K
GC Heap History (10 events):
Event: 20.653 GC heap before
{Heap before GC invocations=37 (full 3):
 PSYoungGen      total 1009152K, used 995621K [0x0000000776000000, 0x00000007b8600000, 0x00000007c0000000)
  eden space 977920K, 100% used [0x0000000776000000,0x00000007b1b00000,0x00000007b1b00000)
  from space 31232K, 56% used [0x00000007b1b00000,0x00000007b2c495f0,0x00000007b3980000)
  to   space 30208K, 0% used [0x00000007b6880000,0x00000007b6880000,0x00000007b8600000)
 ParOldGen       total 361472K, used 96778K [0x00000006e2000000, 0x00000006f8100000, 0x0000000776000000)
  object space 361472K, 26% used [0x00000006e2000000,0x00000006e7e82920,0x00000006f8100000)
 Metaspace       used 47266K, capacity 49742K, committed 50136K, reserved 1093632K
  class space    used 5475K, capacity 6505K, committed 6616K, reserved 1048576K
Event: 20.658 GC heap after
Heap after GC invocations=37 (full 3):
 PSYoungGen      total 1048064K, used 17733K [0x0000000776000000, 0x00000007b8100000, 0x00000007c0000000)
  eden space 1022976K, 0% used [0x0000000776000000,0x0000000776000000,0x00000007b4700000)
  from space 25088K, 70% used [0x00000007b6880000,0x00000007b79d15f0,0x00000007b8100000)
  to   space 29696K, 0% used [0x00000007b4700000,0x00000007b4700000,0x00000007b6400000)
 ParOldGen       total 361472K, used 96778K [0x00000006e2000000, 0x00000006f8100000, 0x0000000776000000)
  object space 361472K, 26% used [0x00000006e2000000,0x00000006e7e82920,0x00000006f8100000)
 Metaspace       used 47266K, capacity 49742K, committed 50136K, reserved 1093632K
  class space    used 5475K, capacity 6505K, committed 6616K, reserved 1048576K
}
Event: 21.440 GC heap before
{Heap before GC invocations=38 (full 3):
 PSYoungGen      total 1048064K, used 1040709K [0x0000000776000000, 0x00000007b8100000, 0x00000007c0000000)
  eden space 1022976K, 100% used [0x0000000776000000,0x00000007b4700000,0x00000007b4700000)
  from space 25088K, 70% used [0x00000007b6880000,0x00000007b79d15f0,0x00000007b8100000)
  to   space 29696K, 0% used [0x00000007b4700000,0x00000007b4700000,0x00000007b6400000)
 ParOldGen       total 361472K, used 96778K [0x00000006e2000000, 0x00000006f8100000, 0x0000000776000000)
  object space 361472K, 26% used [0x00000006e2000000,0x00000006e7e82920,0x00000006f8100000)
 Metaspace       used 47266K, capacity 49742K, committed 50136K, reserved 1093632K
  class space    used 5475K, capacity 6505K, committed 6616K, reserved 1048576K
Event: 21.446 GC heap after
Heap after GC invocations=38 (full 3):
 PSYoungGen      total 1052672K, used 17717K [0x0000000776000000, 0x00000007bb000000, 0x00000007c0000000)
  eden space 1022976K, 0% used [0x0000000776000000,0x0000000776000000,0x00000007b4700000)
  from space 29696K, 59% used [0x00000007b4700000,0x00000007b584d600,0x00000007b6400000)
  to   space 28672K, 0% used [0x00000007b9400000,0x00000007b9400000,0x00000007bb000000)
 ParOldGen       total 361472K, used 96778K [0x00000006e2000000, 0x00000006f8100000, 0x0000000776000000)
  object space 361472K, 26% used [0x00000006e2000000,0x00000006e7e82920,0x00000006f8100000)
 Metaspace       used 47266K, capacity 49742K, committed 50136K, reserved 1093632K
  class space    used 5475K, capacity 6505K, committed 6616K, reserved 1048576K
}
Event: 22.516 GC heap before
{Heap before GC invocations=39 (full 3):
 PSYoungGen      total 1052672K, used 1040693K [0x0000000776000000, 0x00000007bb000000, 0x00000007c0000000)
  eden space 1022976K, 100% used [0x0000000776000000,0x00000007b4700000,0x00000007b4700000)
  from space 29696K, 59% used [0x00000007b4700000,0x00000007b584d600,0x00000007b6400000)
  to   space 28672K, 0% used [0x00000007b9400000,0x00000007b9400000,0x00000007bb000000)
 ParOldGen       total 361472K, used 96778K [0x00000006e2000000, 0x00000006f8100000, 0x0000000776000000)
  object space 361472K, 26% used [0x00000006e2000000,0x00000006e7e82920,0x00000006f8100000)
 Metaspace       used 47266K, capacity 49742K, committed 50136K, reserved 1093632K
  class space    used 5475K, capacity 6505K, committed 6616K, reserved 1048576K
Event: 22.521 GC heap after
Heap after GC invocations=39 (full 3):
 PSYoungGen      total 1098752K, used 1696K [0x0000000776000000, 0x00000007bb000000, 0x00000007c0000000)
  eden space 1070080K, 0% used [0x0000000776000000,0x0000000776000000,0x00000007b7500000)
  from space 28672K, 5% used [0x00000007b9400000,0x00000007b95a8000,0x00000007bb000000)
  to   space 30208K, 0% used [0x00000007b7500000,0x00000007b7500000,0x00000007b9280000)
 ParOldGen       total 361472K, used 113017K [0x00000006e2000000, 0x00000006f8100000, 0x0000000776000000)
  object space 361472K, 31% used [0x00000006e2000000,0x00000006e8e5e680,0x00000006f8100000)
 Metaspace       used 47266K, capacity 49742K, committed 50136K, reserved 1093632K
  class space    used 5475K, capacity 6505K, committed 6616K, reserved 1048576K
}
Event: 23.730 GC heap before
{Heap before GC invocations=40 (full 3):
 PSYoungGen      total 1098752K, used 1071776K [0x0000000776000000, 0x00000007bb000000, 0x00000007c0000000)
  eden space 1070080K, 100% used [0x0000000776000000,0x00000007b7500000,0x00000007b7500000)
  from space 28672K, 5% used [0x00000007b9400000,0x00000007b95a8000,0x00000007bb000000)
  to   space 30208K, 0% used [0x00000007b7500000,0x00000007b7500000,0x00000007b9280000)
 ParOldGen       total 361472K, used 113017K [0x00000006e2000000, 0x00000006f8100000, 0x0000000776000000)
  object space 361472K, 31% used [0x00000006e2000000,0x00000006e8e5e680,0x00000006f8100000)
 Metaspace       used 47266K, capacity 49742K, committed 50136K, reserved 1093632K
  class space    used 5475K, capacity 6505K, committed 6616K, reserved 1048576K
Event: 23.732 GC heap after
Heap after GC invocations=40 (full 3):
 PSYoungGen      total 1100288K, used 1301K [0x0000000776000000, 0x00000007bda00000, 0x00000007c0000000)
  eden space 1070080K, 0% used [0x0000000776000000,0x0000000776000000,0x00000007b7500000)
  from space 30208K, 4% used [0x00000007b7500000,0x00000007b76455c0,0x00000007b9280000)
  to   space 30720K, 0% used [0x00000007bbc00000,0x00000007bbc00000,0x00000007bda00000)
 ParOldGen       total 361472K, used 113377K [0x00000006e2000000, 0x00000006f8100000, 0x0000000776000000)
  object space 361472K, 31% used [0x00000006e2000000,0x00000006e8eb8680,0x00000006f8100000)
 Metaspace       used 47266K, capacity 49742K, committed 50136K, reserved 1093632K
  class space    used 5475K, capacity 6505K, committed 6616K, reserved 1048576K
}
Event: 25.050 GC heap before
{Heap before GC invocations=41 (full 3):
 PSYoungGen      total 1100288K, used 1071381K [0x0000000776000000, 0x00000007bda00000, 0x00000007c0000000)
  eden space 1070080K, 100% used [0x0000000776000000,0x00000007b7500000,0x00000007b7500000)
  from space 30208K, 4% used [0x00000007b7500000,0x00000007b76455c0,0x00000007b9280000)
  to   space 30720K, 0% used [0x00000007bbc00000,0x00000007bbc00000,0x00000007bda00000)
 ParOldGen       total 361472K, used 113377K [0x00000006e2000000, 0x00000006f8100000, 0x0000000776000000)
  object space 361472K, 31% used [0x00000006e2000000,0x00000006e8eb8680,0x00000006f8100000)
 Metaspace       used 47290K, capacity 49774K, committed 50136K, reserved 1093632K
  class space    used 5477K, capacity 6537K, committed 6616K, reserved 1048576K
Event: 25.074 GC heap after
Heap after GC invocations=41 (full 3):
 PSYoungGen      total 1100800K, used 30705K [0x0000000776000000, 0x00000007bda00000, 0x00000007c0000000)
  eden space 1070080K, 0% used [0x0000000776000000,0x0000000776000000,0x00000007b7500000)
  from space 30720K, 99% used [0x00000007bbc00000,0x00000007bd9fc530,0x00000007bda00000)
  to   space 30208K, 0% used [0x00000007b7500000,0x00000007b7500000,0x00000007b9280000)
 ParOldGen       total 361472K, used 136906K [0x00000006e2000000, 0x00000006f8100000, 0x0000000776000000)
  object space 361472K, 37% used [0x00000006e2000000,0x00000006ea5b29e0,0x00000006f8100000)
 Metaspace       used 47290K, capacity 49774K, committed 50136K, reserved 1093632K
  class space    used 5477K, capacity 6537K, committed 6616K, reserved 1048576K
}

